<?xml version="1.0" encoding="UTF-8"?>
<testsuite xmlns:xsi="http://www.w3.org/2001/XMLSchema-instance" xsi:noNamespaceSchemaLocation="https://maven.apache.org/surefire/maven-surefire-plugin/xsd/surefire-test-report.xsd" name="ru.mirea.courseworkjavashop.controller.ProductControllerTest" time="0.03" tests="1" errors="0" skipped="0" failures="0">
  <properties>
    <property name="java.specification.version" value="19"/>
    <property name="sun.jnu.encoding" value="UTF-8"/>
    <property name="java.class.path" value="/Users/minusd/IdeaProjects/CourseWorkJavaShop/target/test-classes:/Users/minusd/IdeaProjects/CourseWorkJavaShop/target/classes:/Users/minusd/.m2/repository/org/springframework/boot/spring-boot-starter-data-jpa/3.0.6/spring-boot-starter-data-jpa-3.0.6.jar:/Users/minusd/.m2/repository/org/springframework/boot/spring-boot-starter-aop/3.0.6/spring-boot-starter-aop-3.0.6.jar:/Users/minusd/.m2/repository/org/aspectj/aspectjweaver/1.9.19/aspectjweaver-1.9.19.jar:/Users/minusd/.m2/repository/org/springframework/boot/spring-boot-starter-jdbc/3.0.6/spring-boot-starter-jdbc-3.0.6.jar:/Users/minusd/.m2/repository/com/zaxxer/HikariCP/5.0.1/HikariCP-5.0.1.jar:/Users/minusd/.m2/repository/org/springframework/spring-jdbc/6.0.8/spring-jdbc-6.0.8.jar:/Users/minusd/.m2/repository/org/hibernate/orm/hibernate-core/6.1.7.Final/hibernate-core-6.1.7.Final.jar:/Users/minusd/.m2/repository/jakarta/persistence/jakarta.persistence-api/3.1.0/jakarta.persistence-api-3.1.0.jar:/Users/minusd/.m2/repository/jakarta/transaction/jakarta.transaction-api/2.0.1/jakarta.transaction-api-2.0.1.jar:/Users/minusd/.m2/repository/org/jboss/logging/jboss-logging/3.5.0.Final/jboss-logging-3.5.0.Final.jar:/Users/minusd/.m2/repository/org/hibernate/common/hibernate-commons-annotations/6.0.6.Final/hibernate-commons-annotations-6.0.6.Final.jar:/Users/minusd/.m2/repository/org/jboss/jandex/2.4.2.Final/jandex-2.4.2.Final.jar:/Users/minusd/.m2/repository/com/fasterxml/classmate/1.5.1/classmate-1.5.1.jar:/Users/minusd/.m2/repository/net/bytebuddy/byte-buddy/1.12.23/byte-buddy-1.12.23.jar:/Users/minusd/.m2/repository/org/glassfish/jaxb/jaxb-runtime/4.0.2/jaxb-runtime-4.0.2.jar:/Users/minusd/.m2/repository/org/glassfish/jaxb/jaxb-core/4.0.2/jaxb-core-4.0.2.jar:/Users/minusd/.m2/repository/org/eclipse/angus/angus-activation/2.0.0/angus-activation-2.0.0.jar:/Users/minusd/.m2/repository/org/glassfish/jaxb/txw2/4.0.2/txw2-4.0.2.jar:/Users/minusd/.m2/repository/com/sun/istack/istack-commons-runtime/4.1.1/istack-commons-runtime-4.1.1.jar:/Users/minusd/.m2/repository/jakarta/inject/jakarta.inject-api/2.0.0/jakarta.inject-api-2.0.0.jar:/Users/minusd/.m2/repository/org/antlr/antlr4-runtime/4.10.1/antlr4-runtime-4.10.1.jar:/Users/minusd/.m2/repository/org/springframework/data/spring-data-jpa/3.0.5/spring-data-jpa-3.0.5.jar:/Users/minusd/.m2/repository/org/springframework/data/spring-data-commons/3.0.5/spring-data-commons-3.0.5.jar:/Users/minusd/.m2/repository/org/springframework/spring-orm/6.0.8/spring-orm-6.0.8.jar:/Users/minusd/.m2/repository/org/springframework/spring-context/6.0.8/spring-context-6.0.8.jar:/Users/minusd/.m2/repository/org/springframework/spring-tx/6.0.8/spring-tx-6.0.8.jar:/Users/minusd/.m2/repository/org/springframework/spring-beans/6.0.8/spring-beans-6.0.8.jar:/Users/minusd/.m2/repository/jakarta/annotation/jakarta.annotation-api/2.1.1/jakarta.annotation-api-2.1.1.jar:/Users/minusd/.m2/repository/org/springframework/spring-aspects/6.0.8/spring-aspects-6.0.8.jar:/Users/minusd/.m2/repository/org/springframework/boot/spring-boot-starter-security/3.0.6/spring-boot-starter-security-3.0.6.jar:/Users/minusd/.m2/repository/org/springframework/boot/spring-boot-starter/3.0.6/spring-boot-starter-3.0.6.jar:/Users/minusd/.m2/repository/org/springframework/boot/spring-boot/3.0.6/spring-boot-3.0.6.jar:/Users/minusd/.m2/repository/org/springframework/boot/spring-boot-autoconfigure/3.0.6/spring-boot-autoconfigure-3.0.6.jar:/Users/minusd/.m2/repository/org/springframework/boot/spring-boot-starter-logging/3.0.6/spring-boot-starter-logging-3.0.6.jar:/Users/minusd/.m2/repository/ch/qos/logback/logback-classic/1.4.7/logback-classic-1.4.7.jar:/Users/minusd/.m2/repository/ch/qos/logback/logback-core/1.4.7/logback-core-1.4.7.jar:/Users/minusd/.m2/repository/org/apache/logging/log4j/log4j-to-slf4j/2.19.0/log4j-to-slf4j-2.19.0.jar:/Users/minusd/.m2/repository/org/apache/logging/log4j/log4j-api/2.19.0/log4j-api-2.19.0.jar:/Users/minusd/.m2/repository/org/slf4j/jul-to-slf4j/2.0.7/jul-to-slf4j-2.0.7.jar:/Users/minusd/.m2/repository/org/springframework/spring-aop/6.0.8/spring-aop-6.0.8.jar:/Users/minusd/.m2/repository/org/springframework/security/spring-security-config/6.0.3/spring-security-config-6.0.3.jar:/Users/minusd/.m2/repository/org/springframework/security/spring-security-web/6.0.3/spring-security-web-6.0.3.jar:/Users/minusd/.m2/repository/org/springframework/spring-expression/6.0.8/spring-expression-6.0.8.jar:/Users/minusd/.m2/repository/org/springframework/boot/spring-boot-starter-thymeleaf/3.0.6/spring-boot-starter-thymeleaf-3.0.6.jar:/Users/minusd/.m2/repository/org/thymeleaf/thymeleaf-spring6/3.1.1.RELEASE/thymeleaf-spring6-3.1.1.RELEASE.jar:/Users/minusd/.m2/repository/org/springframework/boot/spring-boot-starter-validation/3.0.6/spring-boot-starter-validation-3.0.6.jar:/Users/minusd/.m2/repository/org/apache/tomcat/embed/tomcat-embed-el/10.1.8/tomcat-embed-el-10.1.8.jar:/Users/minusd/.m2/repository/org/hibernate/validator/hibernate-validator/8.0.0.Final/hibernate-validator-8.0.0.Final.jar:/Users/minusd/.m2/repository/jakarta/validation/jakarta.validation-api/3.0.2/jakarta.validation-api-3.0.2.jar:/Users/minusd/.m2/repository/org/springframework/boot/spring-boot-starter-web/3.0.6/spring-boot-starter-web-3.0.6.jar:/Users/minusd/.m2/repository/org/springframework/boot/spring-boot-starter-json/3.0.6/spring-boot-starter-json-3.0.6.jar:/Users/minusd/.m2/repository/com/fasterxml/jackson/core/jackson-databind/2.14.2/jackson-databind-2.14.2.jar:/Users/minusd/.m2/repository/com/fasterxml/jackson/core/jackson-annotations/2.14.2/jackson-annotations-2.14.2.jar:/Users/minusd/.m2/repository/com/fasterxml/jackson/core/jackson-core/2.14.2/jackson-core-2.14.2.jar:/Users/minusd/.m2/repository/com/fasterxml/jackson/datatype/jackson-datatype-jdk8/2.14.2/jackson-datatype-jdk8-2.14.2.jar:/Users/minusd/.m2/repository/com/fasterxml/jackson/datatype/jackson-datatype-jsr310/2.14.2/jackson-datatype-jsr310-2.14.2.jar:/Users/minusd/.m2/repository/com/fasterxml/jackson/module/jackson-module-parameter-names/2.14.2/jackson-module-parameter-names-2.14.2.jar:/Users/minusd/.m2/repository/org/springframework/boot/spring-boot-starter-tomcat/3.0.6/spring-boot-starter-tomcat-3.0.6.jar:/Users/minusd/.m2/repository/org/apache/tomcat/embed/tomcat-embed-core/10.1.8/tomcat-embed-core-10.1.8.jar:/Users/minusd/.m2/repository/org/apache/tomcat/embed/tomcat-embed-websocket/10.1.8/tomcat-embed-websocket-10.1.8.jar:/Users/minusd/.m2/repository/org/springframework/spring-web/6.0.8/spring-web-6.0.8.jar:/Users/minusd/.m2/repository/io/micrometer/micrometer-observation/1.10.6/micrometer-observation-1.10.6.jar:/Users/minusd/.m2/repository/io/micrometer/micrometer-commons/1.10.6/micrometer-commons-1.10.6.jar:/Users/minusd/.m2/repository/org/springframework/spring-webmvc/6.0.8/spring-webmvc-6.0.8.jar:/Users/minusd/.m2/repository/org/thymeleaf/extras/thymeleaf-extras-springsecurity6/3.1.1.RELEASE/thymeleaf-extras-springsecurity6-3.1.1.RELEASE.jar:/Users/minusd/.m2/repository/org/slf4j/slf4j-api/2.0.7/slf4j-api-2.0.7.jar:/Users/minusd/.m2/repository/org/projectlombok/lombok/1.18.26/lombok-1.18.26.jar:/Users/minusd/.m2/repository/org/mapstruct/mapstruct-processor/1.5.3.Final/mapstruct-processor-1.5.3.Final.jar:/Users/minusd/.m2/repository/org/mapstruct/mapstruct/1.5.3.Final/mapstruct-1.5.3.Final.jar:/Users/minusd/.m2/repository/org/springframework/security/spring-security-test/6.0.3/spring-security-test-6.0.3.jar:/Users/minusd/.m2/repository/org/springframework/security/spring-security-core/6.0.3/spring-security-core-6.0.3.jar:/Users/minusd/.m2/repository/org/springframework/security/spring-security-crypto/6.0.3/spring-security-crypto-6.0.3.jar:/Users/minusd/.m2/repository/org/springframework/spring-core/6.0.8/spring-core-6.0.8.jar:/Users/minusd/.m2/repository/org/springframework/spring-jcl/6.0.8/spring-jcl-6.0.8.jar:/Users/minusd/.m2/repository/org/springframework/spring-test/6.0.8/spring-test-6.0.8.jar:/Users/minusd/.m2/repository/org/postgresql/postgresql/42.5.4/postgresql-42.5.4.jar:/Users/minusd/.m2/repository/org/checkerframework/checker-qual/3.5.0/checker-qual-3.5.0.jar:/Users/minusd/.m2/repository/org/liquibase/liquibase-core/4.20.0/liquibase-core-4.20.0.jar:/Users/minusd/.m2/repository/javax/xml/bind/jaxb-api/2.3.1/jaxb-api-2.3.1.jar:/Users/minusd/.m2/repository/javax/activation/javax.activation-api/1.2.0/javax.activation-api-1.2.0.jar:/Users/minusd/.m2/repository/org/yaml/snakeyaml/1.33/snakeyaml-1.33.jar:/Users/minusd/.m2/repository/com/opencsv/opencsv/5.7.1/opencsv-5.7.1.jar:/Users/minusd/.m2/repository/org/apache/commons/commons-lang3/3.12.0/commons-lang3-3.12.0.jar:/Users/minusd/.m2/repository/org/apache/commons/commons-text/1.10.0/commons-text-1.10.0.jar:/Users/minusd/.m2/repository/org/apache/commons/commons-collections4/4.4/commons-collections4-4.4.jar:/Users/minusd/.m2/repository/org/springframework/boot/spring-boot-maven-plugin/2.6.4/spring-boot-maven-plugin-2.6.4.jar:/Users/minusd/.m2/repository/org/springframework/boot/spring-boot-buildpack-platform/3.0.6/spring-boot-buildpack-platform-3.0.6.jar:/Users/minusd/.m2/repository/net/java/dev/jna/jna-platform/5.7.0/jna-platform-5.7.0.jar:/Users/minusd/.m2/repository/net/java/dev/jna/jna/5.7.0/jna-5.7.0.jar:/Users/minusd/.m2/repository/org/apache/commons/commons-compress/1.21/commons-compress-1.21.jar:/Users/minusd/.m2/repository/org/apache/httpcomponents/httpclient/4.5.14/httpclient-4.5.14.jar:/Users/minusd/.m2/repository/org/apache/httpcomponents/httpcore/4.4.16/httpcore-4.4.16.jar:/Users/minusd/.m2/repository/commons-codec/commons-codec/1.15/commons-codec-1.15.jar:/Users/minusd/.m2/repository/org/tomlj/tomlj/1.0.0/tomlj-1.0.0.jar:/Users/minusd/.m2/repository/com/google/code/findbugs/jsr305/3.0.2/jsr305-3.0.2.jar:/Users/minusd/.m2/repository/org/springframework/boot/spring-boot-loader-tools/3.0.6/spring-boot-loader-tools-3.0.6.jar:/Users/minusd/.m2/repository/org/apache/maven/shared/maven-common-artifact-filters/3.2.0/maven-common-artifact-filters-3.2.0.jar:/Users/minusd/.m2/repository/org/apache/maven/maven-model/3.1.1/maven-model-3.1.1.jar:/Users/minusd/.m2/repository/commons-io/commons-io/2.6/commons-io-2.6.jar:/Users/minusd/.m2/repository/org/eclipse/aether/aether-api/0.9.0.M2/aether-api-0.9.0.M2.jar:/Users/minusd/.m2/repository/org/eclipse/aether/aether-util/0.9.0.M2/aether-util-0.9.0.M2.jar:/Users/minusd/.m2/repository/org/eclipse/sisu/org.eclipse.sisu.plexus/0.0.0.M5/org.eclipse.sisu.plexus-0.0.0.M5.jar:/Users/minusd/.m2/repository/com/google/guava/guava/10.0.1/guava-10.0.1.jar:/Users/minusd/.m2/repository/org/sonatype/sisu/sisu-guice/3.1.0/sisu-guice-3.1.0-no_aop.jar:/Users/minusd/.m2/repository/org/eclipse/sisu/org.eclipse.sisu.inject/0.0.0.M5/org.eclipse.sisu.inject-0.0.0.M5.jar:/Users/minusd/.m2/repository/org/apache/maven/shared/maven-shared-utils/3.3.3/maven-shared-utils-3.3.3.jar:/Users/minusd/.m2/repository/org/apache/maven/maven-plugin-api/3.6.3/maven-plugin-api-3.6.3.jar:/Users/minusd/.m2/repository/org/codehaus/plexus/plexus-utils/3.2.1/plexus-utils-3.2.1.jar:/Users/minusd/.m2/repository/org/codehaus/plexus/plexus-classworlds/2.6.0/plexus-classworlds-2.6.0.jar:/Users/minusd/.m2/repository/org/sonatype/plexus/plexus-build-api/0.0.7/plexus-build-api-0.0.7.jar:/Users/minusd/.m2/repository/org/liquibase/liquibase-maven-plugin/4.9.1/liquibase-maven-plugin-4.9.1.jar:/Users/minusd/.m2/repository/org/apache/maven/maven-core/3.3.9/maven-core-3.3.9.jar:/Users/minusd/.m2/repository/org/apache/maven/maven-settings/3.3.9/maven-settings-3.3.9.jar:/Users/minusd/.m2/repository/org/apache/maven/maven-settings-builder/3.3.9/maven-settings-builder-3.3.9.jar:/Users/minusd/.m2/repository/org/apache/maven/maven-builder-support/3.3.9/maven-builder-support-3.3.9.jar:/Users/minusd/.m2/repository/org/apache/maven/maven-repository-metadata/3.3.9/maven-repository-metadata-3.3.9.jar:/Users/minusd/.m2/repository/org/apache/maven/maven-model-builder/3.3.9/maven-model-builder-3.3.9.jar:/Users/minusd/.m2/repository/org/apache/maven/maven-aether-provider/3.3.9/maven-aether-provider-3.3.9.jar:/Users/minusd/.m2/repository/org/eclipse/aether/aether-spi/1.0.2.v20150114/aether-spi-1.0.2.v20150114.jar:/Users/minusd/.m2/repository/org/eclipse/aether/aether-impl/1.0.2.v20150114/aether-impl-1.0.2.v20150114.jar:/Users/minusd/.m2/repository/com/google/inject/guice/4.0/guice-4.0-no_aop.jar:/Users/minusd/.m2/repository/javax/inject/javax.inject/1/javax.inject-1.jar:/Users/minusd/.m2/repository/aopalliance/aopalliance/1.0/aopalliance-1.0.jar:/Users/minusd/.m2/repository/org/codehaus/plexus/plexus-interpolation/1.21/plexus-interpolation-1.21.jar:/Users/minusd/.m2/repository/org/codehaus/plexus/plexus-component-annotations/1.6/plexus-component-annotations-1.6.jar:/Users/minusd/.m2/repository/org/sonatype/plexus/plexus-sec-dispatcher/1.3/plexus-sec-dispatcher-1.3.jar:/Users/minusd/.m2/repository/org/sonatype/plexus/plexus-cipher/1.4/plexus-cipher-1.4.jar:/Users/minusd/.m2/repository/org/apache/maven/maven-artifact/3.3.9/maven-artifact-3.3.9.jar:/Users/minusd/.m2/repository/org/apache/maven/maven-compat/3.3.9/maven-compat-3.3.9.jar:/Users/minusd/.m2/repository/org/apache/maven/wagon/wagon-provider-api/2.10/wagon-provider-api-2.10.jar:/Users/minusd/.m2/repository/nz/net/ultraq/thymeleaf/thymeleaf-layout-dialect/3.1.0/thymeleaf-layout-dialect-3.1.0.jar:/Users/minusd/.m2/repository/org/apache/groovy/groovy/4.0.11/groovy-4.0.11.jar:/Users/minusd/.m2/repository/nz/net/ultraq/groovy/groovy-extensions/2.0.0/groovy-extensions-2.0.0.jar:/Users/minusd/.m2/repository/nz/net/ultraq/thymeleaf/thymeleaf-expression-processor/3.1.0/thymeleaf-expression-processor-3.1.0.jar:/Users/minusd/.m2/repository/org/thymeleaf/thymeleaf/3.1.1.RELEASE/thymeleaf-3.1.1.RELEASE.jar:/Users/minusd/.m2/repository/ognl/ognl/3.3.4/ognl-3.3.4.jar:/Users/minusd/.m2/repository/org/javassist/javassist/3.29.0-GA/javassist-3.29.0-GA.jar:/Users/minusd/.m2/repository/org/attoparser/attoparser/2.0.6.RELEASE/attoparser-2.0.6.RELEASE.jar:/Users/minusd/.m2/repository/org/unbescape/unbescape/1.1.6.RELEASE/unbescape-1.1.6.RELEASE.jar:/Users/minusd/.m2/repository/org/springframework/boot/spring-boot-starter-test/3.0.6/spring-boot-starter-test-3.0.6.jar:/Users/minusd/.m2/repository/org/springframework/boot/spring-boot-test/3.0.6/spring-boot-test-3.0.6.jar:/Users/minusd/.m2/repository/org/springframework/boot/spring-boot-test-autoconfigure/3.0.6/spring-boot-test-autoconfigure-3.0.6.jar:/Users/minusd/.m2/repository/com/jayway/jsonpath/json-path/2.7.0/json-path-2.7.0.jar:/Users/minusd/.m2/repository/net/minidev/json-smart/2.4.10/json-smart-2.4.10.jar:/Users/minusd/.m2/repository/net/minidev/accessors-smart/2.4.9/accessors-smart-2.4.9.jar:/Users/minusd/.m2/repository/org/ow2/asm/asm/9.3/asm-9.3.jar:/Users/minusd/.m2/repository/jakarta/xml/bind/jakarta.xml.bind-api/4.0.0/jakarta.xml.bind-api-4.0.0.jar:/Users/minusd/.m2/repository/jakarta/activation/jakarta.activation-api/2.1.1/jakarta.activation-api-2.1.1.jar:/Users/minusd/.m2/repository/org/assertj/assertj-core/3.23.1/assertj-core-3.23.1.jar:/Users/minusd/.m2/repository/org/hamcrest/hamcrest/2.2/hamcrest-2.2.jar:/Users/minusd/.m2/repository/org/junit/jupiter/junit-jupiter/5.9.2/junit-jupiter-5.9.2.jar:/Users/minusd/.m2/repository/org/junit/jupiter/junit-jupiter-api/5.9.2/junit-jupiter-api-5.9.2.jar:/Users/minusd/.m2/repository/org/opentest4j/opentest4j/1.2.0/opentest4j-1.2.0.jar:/Users/minusd/.m2/repository/org/junit/platform/junit-platform-commons/1.9.2/junit-platform-commons-1.9.2.jar:/Users/minusd/.m2/repository/org/apiguardian/apiguardian-api/1.1.2/apiguardian-api-1.1.2.jar:/Users/minusd/.m2/repository/org/junit/jupiter/junit-jupiter-params/5.9.2/junit-jupiter-params-5.9.2.jar:/Users/minusd/.m2/repository/org/junit/jupiter/junit-jupiter-engine/5.9.2/junit-jupiter-engine-5.9.2.jar:/Users/minusd/.m2/repository/org/junit/platform/junit-platform-engine/1.9.2/junit-platform-engine-1.9.2.jar:/Users/minusd/.m2/repository/org/mockito/mockito-core/4.8.1/mockito-core-4.8.1.jar:/Users/minusd/.m2/repository/net/bytebuddy/byte-buddy-agent/1.12.23/byte-buddy-agent-1.12.23.jar:/Users/minusd/.m2/repository/org/objenesis/objenesis/3.2/objenesis-3.2.jar:/Users/minusd/.m2/repository/org/mockito/mockito-junit-jupiter/4.8.1/mockito-junit-jupiter-4.8.1.jar:/Users/minusd/.m2/repository/org/skyscreamer/jsonassert/1.5.1/jsonassert-1.5.1.jar:/Users/minusd/.m2/repository/com/vaadin/external/google/android-json/0.0.20131108.vaadin1/android-json-0.0.20131108.vaadin1.jar:/Users/minusd/.m2/repository/org/xmlunit/xmlunit-core/2.9.1/xmlunit-core-2.9.1.jar:/Users/minusd/.m2/repository/junit/junit/4.13.2/junit-4.13.2.jar:/Users/minusd/.m2/repository/org/hamcrest/hamcrest-core/2.2/hamcrest-core-2.2.jar:"/>
    <property name="java.vm.vendor" value="Oracle Corporation"/>
    <property name="sun.arch.data.model" value="64"/>
    <property name="java.vendor.url" value="https://java.oracle.com/"/>
    <property name="os.name" value="Mac OS X"/>
    <property name="java.vm.specification.version" value="19"/>
    <property name="sun.java.launcher" value="SUN_STANDARD"/>
    <property name="user.country" value="RU"/>
    <property name="sun.boot.library.path" value="/Users/minusd/Library/Java/JavaVirtualMachines/openjdk-19.0.2/Contents/Home/lib"/>
    <property name="sun.java.command" value="/Users/minusd/IdeaProjects/CourseWorkJavaShop/target/surefire/surefirebooter10955103375245960974.jar /Users/minusd/IdeaProjects/CourseWorkJavaShop/target/surefire 2023-05-04T13-40-55_259-jvmRun1 surefire1233468962748926384tmp surefire_016664359493050481202tmp"/>
    <property name="http.nonProxyHosts" value="local|*.local|169.254/16|*.169.254/16"/>
    <property name="jdk.debug" value="release"/>
    <property name="surefire.test.class.path" value="/Users/minusd/IdeaProjects/CourseWorkJavaShop/target/test-classes:/Users/minusd/IdeaProjects/CourseWorkJavaShop/target/classes:/Users/minusd/.m2/repository/org/springframework/boot/spring-boot-starter-data-jpa/3.0.6/spring-boot-starter-data-jpa-3.0.6.jar:/Users/minusd/.m2/repository/org/springframework/boot/spring-boot-starter-aop/3.0.6/spring-boot-starter-aop-3.0.6.jar:/Users/minusd/.m2/repository/org/aspectj/aspectjweaver/1.9.19/aspectjweaver-1.9.19.jar:/Users/minusd/.m2/repository/org/springframework/boot/spring-boot-starter-jdbc/3.0.6/spring-boot-starter-jdbc-3.0.6.jar:/Users/minusd/.m2/repository/com/zaxxer/HikariCP/5.0.1/HikariCP-5.0.1.jar:/Users/minusd/.m2/repository/org/springframework/spring-jdbc/6.0.8/spring-jdbc-6.0.8.jar:/Users/minusd/.m2/repository/org/hibernate/orm/hibernate-core/6.1.7.Final/hibernate-core-6.1.7.Final.jar:/Users/minusd/.m2/repository/jakarta/persistence/jakarta.persistence-api/3.1.0/jakarta.persistence-api-3.1.0.jar:/Users/minusd/.m2/repository/jakarta/transaction/jakarta.transaction-api/2.0.1/jakarta.transaction-api-2.0.1.jar:/Users/minusd/.m2/repository/org/jboss/logging/jboss-logging/3.5.0.Final/jboss-logging-3.5.0.Final.jar:/Users/minusd/.m2/repository/org/hibernate/common/hibernate-commons-annotations/6.0.6.Final/hibernate-commons-annotations-6.0.6.Final.jar:/Users/minusd/.m2/repository/org/jboss/jandex/2.4.2.Final/jandex-2.4.2.Final.jar:/Users/minusd/.m2/repository/com/fasterxml/classmate/1.5.1/classmate-1.5.1.jar:/Users/minusd/.m2/repository/net/bytebuddy/byte-buddy/1.12.23/byte-buddy-1.12.23.jar:/Users/minusd/.m2/repository/org/glassfish/jaxb/jaxb-runtime/4.0.2/jaxb-runtime-4.0.2.jar:/Users/minusd/.m2/repository/org/glassfish/jaxb/jaxb-core/4.0.2/jaxb-core-4.0.2.jar:/Users/minusd/.m2/repository/org/eclipse/angus/angus-activation/2.0.0/angus-activation-2.0.0.jar:/Users/minusd/.m2/repository/org/glassfish/jaxb/txw2/4.0.2/txw2-4.0.2.jar:/Users/minusd/.m2/repository/com/sun/istack/istack-commons-runtime/4.1.1/istack-commons-runtime-4.1.1.jar:/Users/minusd/.m2/repository/jakarta/inject/jakarta.inject-api/2.0.0/jakarta.inject-api-2.0.0.jar:/Users/minusd/.m2/repository/org/antlr/antlr4-runtime/4.10.1/antlr4-runtime-4.10.1.jar:/Users/minusd/.m2/repository/org/springframework/data/spring-data-jpa/3.0.5/spring-data-jpa-3.0.5.jar:/Users/minusd/.m2/repository/org/springframework/data/spring-data-commons/3.0.5/spring-data-commons-3.0.5.jar:/Users/minusd/.m2/repository/org/springframework/spring-orm/6.0.8/spring-orm-6.0.8.jar:/Users/minusd/.m2/repository/org/springframework/spring-context/6.0.8/spring-context-6.0.8.jar:/Users/minusd/.m2/repository/org/springframework/spring-tx/6.0.8/spring-tx-6.0.8.jar:/Users/minusd/.m2/repository/org/springframework/spring-beans/6.0.8/spring-beans-6.0.8.jar:/Users/minusd/.m2/repository/jakarta/annotation/jakarta.annotation-api/2.1.1/jakarta.annotation-api-2.1.1.jar:/Users/minusd/.m2/repository/org/springframework/spring-aspects/6.0.8/spring-aspects-6.0.8.jar:/Users/minusd/.m2/repository/org/springframework/boot/spring-boot-starter-security/3.0.6/spring-boot-starter-security-3.0.6.jar:/Users/minusd/.m2/repository/org/springframework/boot/spring-boot-starter/3.0.6/spring-boot-starter-3.0.6.jar:/Users/minusd/.m2/repository/org/springframework/boot/spring-boot/3.0.6/spring-boot-3.0.6.jar:/Users/minusd/.m2/repository/org/springframework/boot/spring-boot-autoconfigure/3.0.6/spring-boot-autoconfigure-3.0.6.jar:/Users/minusd/.m2/repository/org/springframework/boot/spring-boot-starter-logging/3.0.6/spring-boot-starter-logging-3.0.6.jar:/Users/minusd/.m2/repository/ch/qos/logback/logback-classic/1.4.7/logback-classic-1.4.7.jar:/Users/minusd/.m2/repository/ch/qos/logback/logback-core/1.4.7/logback-core-1.4.7.jar:/Users/minusd/.m2/repository/org/apache/logging/log4j/log4j-to-slf4j/2.19.0/log4j-to-slf4j-2.19.0.jar:/Users/minusd/.m2/repository/org/apache/logging/log4j/log4j-api/2.19.0/log4j-api-2.19.0.jar:/Users/minusd/.m2/repository/org/slf4j/jul-to-slf4j/2.0.7/jul-to-slf4j-2.0.7.jar:/Users/minusd/.m2/repository/org/springframework/spring-aop/6.0.8/spring-aop-6.0.8.jar:/Users/minusd/.m2/repository/org/springframework/security/spring-security-config/6.0.3/spring-security-config-6.0.3.jar:/Users/minusd/.m2/repository/org/springframework/security/spring-security-web/6.0.3/spring-security-web-6.0.3.jar:/Users/minusd/.m2/repository/org/springframework/spring-expression/6.0.8/spring-expression-6.0.8.jar:/Users/minusd/.m2/repository/org/springframework/boot/spring-boot-starter-thymeleaf/3.0.6/spring-boot-starter-thymeleaf-3.0.6.jar:/Users/minusd/.m2/repository/org/thymeleaf/thymeleaf-spring6/3.1.1.RELEASE/thymeleaf-spring6-3.1.1.RELEASE.jar:/Users/minusd/.m2/repository/org/springframework/boot/spring-boot-starter-validation/3.0.6/spring-boot-starter-validation-3.0.6.jar:/Users/minusd/.m2/repository/org/apache/tomcat/embed/tomcat-embed-el/10.1.8/tomcat-embed-el-10.1.8.jar:/Users/minusd/.m2/repository/org/hibernate/validator/hibernate-validator/8.0.0.Final/hibernate-validator-8.0.0.Final.jar:/Users/minusd/.m2/repository/jakarta/validation/jakarta.validation-api/3.0.2/jakarta.validation-api-3.0.2.jar:/Users/minusd/.m2/repository/org/springframework/boot/spring-boot-starter-web/3.0.6/spring-boot-starter-web-3.0.6.jar:/Users/minusd/.m2/repository/org/springframework/boot/spring-boot-starter-json/3.0.6/spring-boot-starter-json-3.0.6.jar:/Users/minusd/.m2/repository/com/fasterxml/jackson/core/jackson-databind/2.14.2/jackson-databind-2.14.2.jar:/Users/minusd/.m2/repository/com/fasterxml/jackson/core/jackson-annotations/2.14.2/jackson-annotations-2.14.2.jar:/Users/minusd/.m2/repository/com/fasterxml/jackson/core/jackson-core/2.14.2/jackson-core-2.14.2.jar:/Users/minusd/.m2/repository/com/fasterxml/jackson/datatype/jackson-datatype-jdk8/2.14.2/jackson-datatype-jdk8-2.14.2.jar:/Users/minusd/.m2/repository/com/fasterxml/jackson/datatype/jackson-datatype-jsr310/2.14.2/jackson-datatype-jsr310-2.14.2.jar:/Users/minusd/.m2/repository/com/fasterxml/jackson/module/jackson-module-parameter-names/2.14.2/jackson-module-parameter-names-2.14.2.jar:/Users/minusd/.m2/repository/org/springframework/boot/spring-boot-starter-tomcat/3.0.6/spring-boot-starter-tomcat-3.0.6.jar:/Users/minusd/.m2/repository/org/apache/tomcat/embed/tomcat-embed-core/10.1.8/tomcat-embed-core-10.1.8.jar:/Users/minusd/.m2/repository/org/apache/tomcat/embed/tomcat-embed-websocket/10.1.8/tomcat-embed-websocket-10.1.8.jar:/Users/minusd/.m2/repository/org/springframework/spring-web/6.0.8/spring-web-6.0.8.jar:/Users/minusd/.m2/repository/io/micrometer/micrometer-observation/1.10.6/micrometer-observation-1.10.6.jar:/Users/minusd/.m2/repository/io/micrometer/micrometer-commons/1.10.6/micrometer-commons-1.10.6.jar:/Users/minusd/.m2/repository/org/springframework/spring-webmvc/6.0.8/spring-webmvc-6.0.8.jar:/Users/minusd/.m2/repository/org/thymeleaf/extras/thymeleaf-extras-springsecurity6/3.1.1.RELEASE/thymeleaf-extras-springsecurity6-3.1.1.RELEASE.jar:/Users/minusd/.m2/repository/org/slf4j/slf4j-api/2.0.7/slf4j-api-2.0.7.jar:/Users/minusd/.m2/repository/org/projectlombok/lombok/1.18.26/lombok-1.18.26.jar:/Users/minusd/.m2/repository/org/mapstruct/mapstruct-processor/1.5.3.Final/mapstruct-processor-1.5.3.Final.jar:/Users/minusd/.m2/repository/org/mapstruct/mapstruct/1.5.3.Final/mapstruct-1.5.3.Final.jar:/Users/minusd/.m2/repository/org/springframework/security/spring-security-test/6.0.3/spring-security-test-6.0.3.jar:/Users/minusd/.m2/repository/org/springframework/security/spring-security-core/6.0.3/spring-security-core-6.0.3.jar:/Users/minusd/.m2/repository/org/springframework/security/spring-security-crypto/6.0.3/spring-security-crypto-6.0.3.jar:/Users/minusd/.m2/repository/org/springframework/spring-core/6.0.8/spring-core-6.0.8.jar:/Users/minusd/.m2/repository/org/springframework/spring-jcl/6.0.8/spring-jcl-6.0.8.jar:/Users/minusd/.m2/repository/org/springframework/spring-test/6.0.8/spring-test-6.0.8.jar:/Users/minusd/.m2/repository/org/postgresql/postgresql/42.5.4/postgresql-42.5.4.jar:/Users/minusd/.m2/repository/org/checkerframework/checker-qual/3.5.0/checker-qual-3.5.0.jar:/Users/minusd/.m2/repository/org/liquibase/liquibase-core/4.20.0/liquibase-core-4.20.0.jar:/Users/minusd/.m2/repository/javax/xml/bind/jaxb-api/2.3.1/jaxb-api-2.3.1.jar:/Users/minusd/.m2/repository/javax/activation/javax.activation-api/1.2.0/javax.activation-api-1.2.0.jar:/Users/minusd/.m2/repository/org/yaml/snakeyaml/1.33/snakeyaml-1.33.jar:/Users/minusd/.m2/repository/com/opencsv/opencsv/5.7.1/opencsv-5.7.1.jar:/Users/minusd/.m2/repository/org/apache/commons/commons-lang3/3.12.0/commons-lang3-3.12.0.jar:/Users/minusd/.m2/repository/org/apache/commons/commons-text/1.10.0/commons-text-1.10.0.jar:/Users/minusd/.m2/repository/org/apache/commons/commons-collections4/4.4/commons-collections4-4.4.jar:/Users/minusd/.m2/repository/org/springframework/boot/spring-boot-maven-plugin/2.6.4/spring-boot-maven-plugin-2.6.4.jar:/Users/minusd/.m2/repository/org/springframework/boot/spring-boot-buildpack-platform/3.0.6/spring-boot-buildpack-platform-3.0.6.jar:/Users/minusd/.m2/repository/net/java/dev/jna/jna-platform/5.7.0/jna-platform-5.7.0.jar:/Users/minusd/.m2/repository/net/java/dev/jna/jna/5.7.0/jna-5.7.0.jar:/Users/minusd/.m2/repository/org/apache/commons/commons-compress/1.21/commons-compress-1.21.jar:/Users/minusd/.m2/repository/org/apache/httpcomponents/httpclient/4.5.14/httpclient-4.5.14.jar:/Users/minusd/.m2/repository/org/apache/httpcomponents/httpcore/4.4.16/httpcore-4.4.16.jar:/Users/minusd/.m2/repository/commons-codec/commons-codec/1.15/commons-codec-1.15.jar:/Users/minusd/.m2/repository/org/tomlj/tomlj/1.0.0/tomlj-1.0.0.jar:/Users/minusd/.m2/repository/com/google/code/findbugs/jsr305/3.0.2/jsr305-3.0.2.jar:/Users/minusd/.m2/repository/org/springframework/boot/spring-boot-loader-tools/3.0.6/spring-boot-loader-tools-3.0.6.jar:/Users/minusd/.m2/repository/org/apache/maven/shared/maven-common-artifact-filters/3.2.0/maven-common-artifact-filters-3.2.0.jar:/Users/minusd/.m2/repository/org/apache/maven/maven-model/3.1.1/maven-model-3.1.1.jar:/Users/minusd/.m2/repository/commons-io/commons-io/2.6/commons-io-2.6.jar:/Users/minusd/.m2/repository/org/eclipse/aether/aether-api/0.9.0.M2/aether-api-0.9.0.M2.jar:/Users/minusd/.m2/repository/org/eclipse/aether/aether-util/0.9.0.M2/aether-util-0.9.0.M2.jar:/Users/minusd/.m2/repository/org/eclipse/sisu/org.eclipse.sisu.plexus/0.0.0.M5/org.eclipse.sisu.plexus-0.0.0.M5.jar:/Users/minusd/.m2/repository/com/google/guava/guava/10.0.1/guava-10.0.1.jar:/Users/minusd/.m2/repository/org/sonatype/sisu/sisu-guice/3.1.0/sisu-guice-3.1.0-no_aop.jar:/Users/minusd/.m2/repository/org/eclipse/sisu/org.eclipse.sisu.inject/0.0.0.M5/org.eclipse.sisu.inject-0.0.0.M5.jar:/Users/minusd/.m2/repository/org/apache/maven/shared/maven-shared-utils/3.3.3/maven-shared-utils-3.3.3.jar:/Users/minusd/.m2/repository/org/apache/maven/maven-plugin-api/3.6.3/maven-plugin-api-3.6.3.jar:/Users/minusd/.m2/repository/org/codehaus/plexus/plexus-utils/3.2.1/plexus-utils-3.2.1.jar:/Users/minusd/.m2/repository/org/codehaus/plexus/plexus-classworlds/2.6.0/plexus-classworlds-2.6.0.jar:/Users/minusd/.m2/repository/org/sonatype/plexus/plexus-build-api/0.0.7/plexus-build-api-0.0.7.jar:/Users/minusd/.m2/repository/org/liquibase/liquibase-maven-plugin/4.9.1/liquibase-maven-plugin-4.9.1.jar:/Users/minusd/.m2/repository/org/apache/maven/maven-core/3.3.9/maven-core-3.3.9.jar:/Users/minusd/.m2/repository/org/apache/maven/maven-settings/3.3.9/maven-settings-3.3.9.jar:/Users/minusd/.m2/repository/org/apache/maven/maven-settings-builder/3.3.9/maven-settings-builder-3.3.9.jar:/Users/minusd/.m2/repository/org/apache/maven/maven-builder-support/3.3.9/maven-builder-support-3.3.9.jar:/Users/minusd/.m2/repository/org/apache/maven/maven-repository-metadata/3.3.9/maven-repository-metadata-3.3.9.jar:/Users/minusd/.m2/repository/org/apache/maven/maven-model-builder/3.3.9/maven-model-builder-3.3.9.jar:/Users/minusd/.m2/repository/org/apache/maven/maven-aether-provider/3.3.9/maven-aether-provider-3.3.9.jar:/Users/minusd/.m2/repository/org/eclipse/aether/aether-spi/1.0.2.v20150114/aether-spi-1.0.2.v20150114.jar:/Users/minusd/.m2/repository/org/eclipse/aether/aether-impl/1.0.2.v20150114/aether-impl-1.0.2.v20150114.jar:/Users/minusd/.m2/repository/com/google/inject/guice/4.0/guice-4.0-no_aop.jar:/Users/minusd/.m2/repository/javax/inject/javax.inject/1/javax.inject-1.jar:/Users/minusd/.m2/repository/aopalliance/aopalliance/1.0/aopalliance-1.0.jar:/Users/minusd/.m2/repository/org/codehaus/plexus/plexus-interpolation/1.21/plexus-interpolation-1.21.jar:/Users/minusd/.m2/repository/org/codehaus/plexus/plexus-component-annotations/1.6/plexus-component-annotations-1.6.jar:/Users/minusd/.m2/repository/org/sonatype/plexus/plexus-sec-dispatcher/1.3/plexus-sec-dispatcher-1.3.jar:/Users/minusd/.m2/repository/org/sonatype/plexus/plexus-cipher/1.4/plexus-cipher-1.4.jar:/Users/minusd/.m2/repository/org/apache/maven/maven-artifact/3.3.9/maven-artifact-3.3.9.jar:/Users/minusd/.m2/repository/org/apache/maven/maven-compat/3.3.9/maven-compat-3.3.9.jar:/Users/minusd/.m2/repository/org/apache/maven/wagon/wagon-provider-api/2.10/wagon-provider-api-2.10.jar:/Users/minusd/.m2/repository/nz/net/ultraq/thymeleaf/thymeleaf-layout-dialect/3.1.0/thymeleaf-layout-dialect-3.1.0.jar:/Users/minusd/.m2/repository/org/apache/groovy/groovy/4.0.11/groovy-4.0.11.jar:/Users/minusd/.m2/repository/nz/net/ultraq/groovy/groovy-extensions/2.0.0/groovy-extensions-2.0.0.jar:/Users/minusd/.m2/repository/nz/net/ultraq/thymeleaf/thymeleaf-expression-processor/3.1.0/thymeleaf-expression-processor-3.1.0.jar:/Users/minusd/.m2/repository/org/thymeleaf/thymeleaf/3.1.1.RELEASE/thymeleaf-3.1.1.RELEASE.jar:/Users/minusd/.m2/repository/ognl/ognl/3.3.4/ognl-3.3.4.jar:/Users/minusd/.m2/repository/org/javassist/javassist/3.29.0-GA/javassist-3.29.0-GA.jar:/Users/minusd/.m2/repository/org/attoparser/attoparser/2.0.6.RELEASE/attoparser-2.0.6.RELEASE.jar:/Users/minusd/.m2/repository/org/unbescape/unbescape/1.1.6.RELEASE/unbescape-1.1.6.RELEASE.jar:/Users/minusd/.m2/repository/org/springframework/boot/spring-boot-starter-test/3.0.6/spring-boot-starter-test-3.0.6.jar:/Users/minusd/.m2/repository/org/springframework/boot/spring-boot-test/3.0.6/spring-boot-test-3.0.6.jar:/Users/minusd/.m2/repository/org/springframework/boot/spring-boot-test-autoconfigure/3.0.6/spring-boot-test-autoconfigure-3.0.6.jar:/Users/minusd/.m2/repository/com/jayway/jsonpath/json-path/2.7.0/json-path-2.7.0.jar:/Users/minusd/.m2/repository/net/minidev/json-smart/2.4.10/json-smart-2.4.10.jar:/Users/minusd/.m2/repository/net/minidev/accessors-smart/2.4.9/accessors-smart-2.4.9.jar:/Users/minusd/.m2/repository/org/ow2/asm/asm/9.3/asm-9.3.jar:/Users/minusd/.m2/repository/jakarta/xml/bind/jakarta.xml.bind-api/4.0.0/jakarta.xml.bind-api-4.0.0.jar:/Users/minusd/.m2/repository/jakarta/activation/jakarta.activation-api/2.1.1/jakarta.activation-api-2.1.1.jar:/Users/minusd/.m2/repository/org/assertj/assertj-core/3.23.1/assertj-core-3.23.1.jar:/Users/minusd/.m2/repository/org/hamcrest/hamcrest/2.2/hamcrest-2.2.jar:/Users/minusd/.m2/repository/org/junit/jupiter/junit-jupiter/5.9.2/junit-jupiter-5.9.2.jar:/Users/minusd/.m2/repository/org/junit/jupiter/junit-jupiter-api/5.9.2/junit-jupiter-api-5.9.2.jar:/Users/minusd/.m2/repository/org/opentest4j/opentest4j/1.2.0/opentest4j-1.2.0.jar:/Users/minusd/.m2/repository/org/junit/platform/junit-platform-commons/1.9.2/junit-platform-commons-1.9.2.jar:/Users/minusd/.m2/repository/org/apiguardian/apiguardian-api/1.1.2/apiguardian-api-1.1.2.jar:/Users/minusd/.m2/repository/org/junit/jupiter/junit-jupiter-params/5.9.2/junit-jupiter-params-5.9.2.jar:/Users/minusd/.m2/repository/org/junit/jupiter/junit-jupiter-engine/5.9.2/junit-jupiter-engine-5.9.2.jar:/Users/minusd/.m2/repository/org/junit/platform/junit-platform-engine/1.9.2/junit-platform-engine-1.9.2.jar:/Users/minusd/.m2/repository/org/mockito/mockito-core/4.8.1/mockito-core-4.8.1.jar:/Users/minusd/.m2/repository/net/bytebuddy/byte-buddy-agent/1.12.23/byte-buddy-agent-1.12.23.jar:/Users/minusd/.m2/repository/org/objenesis/objenesis/3.2/objenesis-3.2.jar:/Users/minusd/.m2/repository/org/mockito/mockito-junit-jupiter/4.8.1/mockito-junit-jupiter-4.8.1.jar:/Users/minusd/.m2/repository/org/skyscreamer/jsonassert/1.5.1/jsonassert-1.5.1.jar:/Users/minusd/.m2/repository/com/vaadin/external/google/android-json/0.0.20131108.vaadin1/android-json-0.0.20131108.vaadin1.jar:/Users/minusd/.m2/repository/org/xmlunit/xmlunit-core/2.9.1/xmlunit-core-2.9.1.jar:/Users/minusd/.m2/repository/junit/junit/4.13.2/junit-4.13.2.jar:/Users/minusd/.m2/repository/org/hamcrest/hamcrest-core/2.2/hamcrest-core-2.2.jar:"/>
    <property name="sun.cpu.endian" value="little"/>
    <property name="user.home" value="/Users/minusd"/>
    <property name="user.language" value="ru"/>
    <property name="java.specification.vendor" value="Oracle Corporation"/>
    <property name="java.version.date" value="2023-01-17"/>
    <property name="java.home" value="/Users/minusd/Library/Java/JavaVirtualMachines/openjdk-19.0.2/Contents/Home"/>
    <property name="file.separator" value="/"/>
    <property name="basedir" value="/Users/minusd/IdeaProjects/CourseWorkJavaShop"/>
    <property name="java.vm.compressedOopsMode" value="Zero based"/>
    <property name="line.separator" value="&#10;"/>
    <property name="java.vm.specification.vendor" value="Oracle Corporation"/>
    <property name="java.specification.name" value="Java Platform API Specification"/>
    <property name="apple.awt.application.name" value="ForkedBooter"/>
    <property name="surefire.real.class.path" value="/Users/minusd/IdeaProjects/CourseWorkJavaShop/target/surefire/surefirebooter10955103375245960974.jar"/>
    <property name="sun.management.compiler" value="HotSpot 64-Bit Tiered Compilers"/>
    <property name="ftp.nonProxyHosts" value="local|*.local|169.254/16|*.169.254/16"/>
    <property name="java.runtime.version" value="19.0.2+7-44"/>
    <property name="user.name" value="minusd"/>
    <property name="stdout.encoding" value="UTF-8"/>
    <property name="path.separator" value=":"/>
    <property name="os.version" value="13.0.1"/>
    <property name="java.runtime.name" value="OpenJDK Runtime Environment"/>
    <property name="file.encoding" value="UTF-8"/>
    <property name="java.vm.name" value="OpenJDK 64-Bit Server VM"/>
    <property name="localRepository" value="/Users/minusd/.m2/repository"/>
    <property name="java.vendor.url.bug" value="https://bugreport.java.com/bugreport/"/>
    <property name="java.io.tmpdir" value="/var/folders/6_/zjcnx3wx31dfng39l6f2sm2m0000gn/T/"/>
    <property name="idea.version" value="2023.1.1"/>
    <property name="java.version" value="19.0.2"/>
    <property name="user.dir" value="/Users/minusd/IdeaProjects/CourseWorkJavaShop"/>
    <property name="os.arch" value="aarch64"/>
    <property name="java.vm.specification.name" value="Java Virtual Machine Specification"/>
    <property name="native.encoding" value="UTF-8"/>
    <property name="java.library.path" value="/Users/minusd/Library/Java/Extensions:/Library/Java/Extensions:/Network/Library/Java/Extensions:/System/Library/Java/Extensions:/usr/lib/java:."/>
    <property name="java.vm.info" value="mixed mode, sharing"/>
    <property name="stderr.encoding" value="UTF-8"/>
    <property name="java.vendor" value="Oracle Corporation"/>
    <property name="java.vm.version" value="19.0.2+7-44"/>
    <property name="sun.io.unicode.encoding" value="UnicodeBig"/>
    <property name="socksNonProxyHosts" value="local|*.local|169.254/16|*.169.254/16"/>
    <property name="java.class.version" value="63.0"/>
  </properties>
  <testcase name="getProductByIdTest" classname="ru.mirea.courseworkjavashop.controller.ProductControllerTest" time="0.029"/>
</testsuite>